[2025-03-17T15:34:23.434-0500] {manager.py:483} INFO - Processing files using up to 1 processes at a time 
[2025-03-17T15:34:23.434-0500] {manager.py:484} INFO - Process each file at most once every 30 seconds
[2025-03-17T15:34:23.434-0500] {manager.py:485} INFO - Checking for new files in /home/jacobo/workshop_02/airflow/dags every 300 seconds
[2025-03-17T15:34:23.435-0500] {manager.py:821} INFO - Searching for files in /home/jacobo/workshop_02/airflow/dags
[2025-03-17T15:34:23.457-0500] {manager.py:824} INFO - There are 56 files in /home/jacobo/workshop_02/airflow/dags
[2025-03-17T15:34:23.827-0500] {manager.py:997} INFO - 
================================================================================
DAG File Processing Stats

File Path                                                                                                                                   PID    Runtime      # DAGs    # Errors  Last Runtime    Last Run               Last # of DB Queries
------------------------------------------------------------------------------------------------------------------------------------------  -----  ---------  --------  ----------  --------------  -------------------  ----------------------
/home/jacobo/workshop_02/venv/lib/python3.12/site-packages/airflow/example_dags/example_task_group.py                                                                1           0  0.31s           2025-03-17T20:34:23                      26
/home/jacobo/workshop_02/venv/lib/python3.12/site-packages/airflow/example_dags/example_nested_branch_dag.py                                                         0           0                                                            0
/home/jacobo/workshop_02/venv/lib/python3.12/site-packages/airflow/example_dags/example_workday_timetable.py                                                         0           0                                                            0
/home/jacobo/workshop_02/venv/lib/python3.12/site-packages/airflow/example_dags/example_branch_labels.py                                                             0           0                                                            0
/home/jacobo/workshop_02/venv/lib/python3.12/site-packages/airflow/example_dags/example_bash_operator.py                                                             0           0                                                            0
/home/jacobo/workshop_02/venv/lib/python3.12/site-packages/airflow/example_dags/example_trigger_controller_dag.py                                                    0           0                                                            0
/home/jacobo/workshop_02/venv/lib/python3.12/site-packages/airflow/example_dags/example_dynamic_task_mapping_with_no_taskflow_operators.py                           0           0                                                            0
/home/jacobo/workshop_02/venv/lib/python3.12/site-packages/airflow/example_dags/example_setup_teardown.py                                                            0           0                                                            0
/home/jacobo/workshop_02/venv/lib/python3.12/site-packages/airflow/example_dags/example_sla_dag.py                                                                   0           0                                                            0
/home/jacobo/workshop_02/venv/lib/python3.12/site-packages/airflow/example_dags/example_inlet_event_extra.py                                                         0           0                                                            0
/home/jacobo/workshop_02/venv/lib/python3.12/site-packages/airflow/example_dags/example_dynamic_task_mapping.py                                                      0           0                                                            0
/home/jacobo/workshop_02/venv/lib/python3.12/site-packages/airflow/example_dags/example_task_group_decorator.py                                                      0           0                                                            0
/home/jacobo/workshop_02/venv/lib/python3.12/site-packages/airflow/example_dags/example_subdag_operator.py                                                           0           0                                                            0
/home/jacobo/workshop_02/venv/lib/python3.12/site-packages/airflow/example_dags/tutorial_taskflow_api.py                                                             0           0                                                            0
/home/jacobo/workshop_02/venv/lib/python3.12/site-packages/airflow/example_dags/example_short_circuit_operator.py                                                    0           0                                                            0
/home/jacobo/workshop_02/venv/lib/python3.12/site-packages/airflow/example_dags/example_local_kubernetes_executor.py                                                 0           0                                                            0
/home/jacobo/workshop_02/venv/lib/python3.12/site-packages/airflow/example_dags/example_kubernetes_executor.py                                                       0           0                                                            0
/home/jacobo/workshop_02/venv/lib/python3.12/site-packages/airflow/example_dags/example_latest_only_with_trigger.py                                                  0           0                                                            0
/home/jacobo/workshop_02/venv/lib/python3.12/site-packages/airflow/example_dags/example_xcomargs.py                                                                  0           0                                                            0
/home/jacobo/workshop_02/venv/lib/python3.12/site-packages/airflow/example_dags/example_sensors.py                                                                   0           0                                                            0
/home/jacobo/workshop_02/venv/lib/python3.12/site-packages/airflow/example_dags/example_display_name.py                                                              0           0                                                            0
/home/jacobo/workshop_02/venv/lib/python3.12/site-packages/airflow/example_dags/example_python_decorator.py                                                          0           0                                                            0
/home/jacobo/workshop_02/venv/lib/python3.12/site-packages/airflow/example_dags/example_complex.py                                                                   0           0                                                            0
/home/jacobo/workshop_02/venv/lib/python3.12/site-packages/airflow/example_dags/example_params_ui_tutorial.py                                                        0           0                                                            0
/home/jacobo/workshop_02/venv/lib/python3.12/site-packages/airflow/example_dags/example_trigger_target_dag.py                                                        0           0                                                            0
/home/jacobo/workshop_02/venv/lib/python3.12/site-packages/airflow/example_dags/tutorial.py                                                                          0           0                                                            0
/home/jacobo/workshop_02/venv/lib/python3.12/site-packages/airflow/example_dags/example_setup_teardown_taskflow.py                                                   0           0                                                            0
/home/jacobo/workshop_02/venv/lib/python3.12/site-packages/airflow/example_dags/example_params_trigger_ui.py                                                         0           0                                                            0
/home/jacobo/workshop_02/venv/lib/python3.12/site-packages/airflow/example_dags/example_branch_day_of_week_operator.py                                               0           0                                                            0
/home/jacobo/workshop_02/venv/lib/python3.12/site-packages/airflow/example_dags/example_short_circuit_decorator.py                                                   0           0                                                            0
/home/jacobo/workshop_02/venv/lib/python3.12/site-packages/airflow/example_dags/example_skip_dag.py                                                                  0           0                                                            0
/home/jacobo/workshop_02/venv/lib/python3.12/site-packages/airflow/example_dags/example_time_delta_sensor_async.py                                                   0           0                                                            0
/home/jacobo/workshop_02/venv/lib/python3.12/site-packages/airflow/example_dags/example_branch_python_dop_operator_3.py                                              0           0                                                            0
/home/jacobo/workshop_02/venv/lib/python3.12/site-packages/airflow/example_dags/example_branch_datetime_operator.py                                                  0           0                                                            0
/home/jacobo/workshop_02/venv/lib/python3.12/site-packages/airflow/example_dags/example_dataset_alias_with_no_taskflow.py                                            0           0                                                            0
/home/jacobo/workshop_02/venv/lib/python3.12/site-packages/airflow/example_dags/example_latest_only.py                                                               0           0                                                            0
/home/jacobo/workshop_02/venv/lib/python3.12/site-packages/airflow/example_dags/tutorial_taskflow_api_virtualenv.py                                                  0           0                                                            0
/home/jacobo/workshop_02/venv/lib/python3.12/site-packages/airflow/example_dags/example_dag_decorator.py                                                             0           0                                                            0
/home/jacobo/workshop_02/venv/lib/python3.12/site-packages/airflow/example_dags/example_datasets.py                                                                  0           0                                                            0
/home/jacobo/workshop_02/venv/lib/python3.12/site-packages/airflow/example_dags/example_branch_operator.py                                                           0           0                                                            0
/home/jacobo/workshop_02/venv/lib/python3.12/site-packages/airflow/example_dags/tutorial_objectstorage.py                                                            0           0                                                            0
/home/jacobo/workshop_02/venv/lib/python3.12/site-packages/airflow/example_dags/example_outlet_event_extra.py                                                        0           0                                                            0
/home/jacobo/workshop_02/venv/lib/python3.12/site-packages/airflow/example_dags/example_branch_operator_decorator.py                                                 0           0                                                            0
/home/jacobo/workshop_02/venv/lib/python3.12/site-packages/airflow/example_dags/example_python_operator.py                                                           0           0                                                            0
/home/jacobo/workshop_02/venv/lib/python3.12/site-packages/airflow/example_dags/example_dataset_alias.py                                                             0           0                                                            0
/home/jacobo/workshop_02/venv/lib/python3.12/site-packages/airflow/example_dags/example_external_task_marker_dag.py                                                  0           0                                                            0
/home/jacobo/workshop_02/venv/lib/python3.12/site-packages/airflow/example_dags/tutorial_dag.py                                                                      0           0                                                            0
/home/jacobo/workshop_02/venv/lib/python3.12/site-packages/airflow/example_dags/example_passing_params_via_test_command.py                                           0           0                                                            0
/home/jacobo/workshop_02/venv/lib/python3.12/site-packages/airflow/example_dags/example_bash_decorator.py                                                            0           0                                                            0
/home/jacobo/workshop_02/venv/lib/python3.12/site-packages/airflow/example_dags/example_sensor_decorator.py                                                          0           0                                                            0
/home/jacobo/workshop_02/venv/lib/python3.12/site-packages/airflow/example_dags/example_xcom.py                                                                      0           0                                                            0
/home/jacobo/workshop_02/venv/lib/python3.12/site-packages/airflow/example_dags/subdags/subdag.py                                                                    0           0                                                            0
/home/jacobo/workshop_02/venv/lib/python3.12/site-packages/airflow/example_dags/plugins/decreasing_priority_weight_strategy.py                                       0           0                                                            0
/home/jacobo/workshop_02/venv/lib/python3.12/site-packages/airflow/example_dags/plugins/workday.py                                                                   0           0                                                            0
/home/jacobo/workshop_02/venv/lib/python3.12/site-packages/airflow/example_dags/plugins/listener_plugin.py                                                           0           0                                                            0
/home/jacobo/workshop_02/venv/lib/python3.12/site-packages/airflow/example_dags/plugins/event_listener.py                                                            0           0                                                            0
================================================================================
[2025-03-17T15:34:54.171-0500] {manager.py:997} INFO - 
================================================================================
DAG File Processing Stats

File Path                                                                                                                                   PID    Runtime      # DAGs    # Errors  Last Runtime    Last Run               Last # of DB Queries
------------------------------------------------------------------------------------------------------------------------------------------  -----  ---------  --------  ----------  --------------  -------------------  ----------------------
/home/jacobo/workshop_02/venv/lib/python3.12/site-packages/airflow/example_dags/example_setup_teardown.py                                                            1           0  0.50s           2025-03-17T20:34:28                      26
/home/jacobo/workshop_02/venv/lib/python3.12/site-packages/airflow/example_dags/example_sensors.py                                                                   1           0  0.41s           2025-03-17T20:34:37                      24
/home/jacobo/workshop_02/venv/lib/python3.12/site-packages/airflow/example_dags/example_workday_timetable.py                                                         1           0  0.41s           2025-03-17T20:34:25                      26
/home/jacobo/workshop_02/venv/lib/python3.12/site-packages/airflow/example_dags/tutorial.py                                                                          1           0  0.31s           2025-03-17T20:34:39                      26
/home/jacobo/workshop_02/venv/lib/python3.12/site-packages/airflow/example_dags/example_python_operator.py                                                           1           0  0.31s           2025-03-17T20:34:46                      24
/home/jacobo/workshop_02/venv/lib/python3.12/site-packages/airflow/example_dags/example_sensor_decorator.py                                                          1           0  0.31s           2025-03-17T20:34:49                      24
/home/jacobo/workshop_02/venv/lib/python3.12/site-packages/airflow/example_dags/example_short_circuit_operator.py                                                    1           0  0.31s           2025-03-17T20:34:35                      26
/home/jacobo/workshop_02/venv/lib/python3.12/site-packages/airflow/example_dags/example_setup_teardown_taskflow.py                                                   1           0  0.31s           2025-03-17T20:34:40                      26
/home/jacobo/workshop_02/venv/lib/python3.12/site-packages/airflow/example_dags/example_xcom.py                                                                      1           0  0.31s           2025-03-17T20:34:50                      26
/home/jacobo/workshop_02/venv/lib/python3.12/site-packages/airflow/example_dags/example_xcomargs.py                                                                  2           0  0.31s           2025-03-17T20:34:36                      41
/home/jacobo/workshop_02/venv/lib/python3.12/site-packages/airflow/example_dags/tutorial_taskflow_api.py                                                             1           0  0.31s           2025-03-17T20:34:33                      24
/home/jacobo/workshop_02/venv/lib/python3.12/site-packages/airflow/example_dags/example_subdag_operator.py                                                           3           0  0.31s           2025-03-17T20:34:32                      34
/home/jacobo/workshop_02/venv/lib/python3.12/site-packages/airflow/example_dags/example_sla_dag.py                                                                   1           0  0.31s           2025-03-17T20:34:30                      26
/home/jacobo/workshop_02/venv/lib/python3.12/site-packages/airflow/example_dags/example_task_group_decorator.py                                                      1           0  0.31s           2025-03-17T20:34:31                      26
/home/jacobo/workshop_02/venv/lib/python3.12/site-packages/airflow/example_dags/example_short_circuit_decorator.py                                                   1           0  0.31s           2025-03-17T20:34:41                      26
/home/jacobo/workshop_02/venv/lib/python3.12/site-packages/airflow/example_dags/example_skip_dag.py                                                                  1           0  0.31s           2025-03-17T20:34:43                      26
/home/jacobo/workshop_02/venv/lib/python3.12/site-packages/airflow/example_dags/example_task_group.py                                                                1           0  0.31s           2025-03-17T20:34:23                      26
/home/jacobo/workshop_02/venv/lib/python3.12/site-packages/airflow/example_dags/example_trigger_controller_dag.py                                                    1           0  0.31s           2025-03-17T20:34:26                      26
/home/jacobo/workshop_02/venv/lib/python3.12/site-packages/airflow/example_dags/example_trigger_target_dag.py                                                        1           0  0.22s           2025-03-17T20:34:38                      24
/home/jacobo/workshop_02/venv/lib/python3.12/site-packages/airflow/example_dags/example_time_delta_sensor_async.py                                                   1           0  0.21s           2025-03-17T20:34:44                      24
/home/jacobo/workshop_02/venv/lib/python3.12/site-packages/airflow/example_dags/tutorial_objectstorage.py                                                            1           0  0.21s           2025-03-17T20:34:45                      24
/home/jacobo/workshop_02/venv/lib/python3.12/site-packages/airflow/example_dags/tutorial_dag.py                                                                      1           0  0.21s           2025-03-17T20:34:48                      24
/home/jacobo/workshop_02/venv/lib/python3.12/site-packages/airflow/example_dags/tutorial_taskflow_api_virtualenv.py                                                  0           0  0.12s           2025-03-17T20:34:44                       3
/home/jacobo/workshop_02/venv/lib/python3.12/site-packages/airflow/example_dags/plugins/listener_plugin.py                                                           0           0  0.11s           2025-03-17T20:34:54                       3
/home/jacobo/workshop_02/venv/lib/python3.12/site-packages/airflow/example_dags/plugins/workday.py                                                                   0           0  0.11s           2025-03-17T20:34:53                       3
/home/jacobo/workshop_02/venv/lib/python3.12/site-packages/airflow/example_dags/subdags/subdag.py                                                                    0           0  0.11s           2025-03-17T20:34:51                       3
/home/jacobo/workshop_02/venv/lib/python3.12/site-packages/airflow/example_dags/plugins/decreasing_priority_weight_strategy.py                                       0           0  0.11s           2025-03-17T20:34:53                       3
/home/jacobo/workshop_02/venv/lib/python3.12/site-packages/airflow/example_dags/example_nested_branch_dag.py                                                         0           0                                                            0
/home/jacobo/workshop_02/venv/lib/python3.12/site-packages/airflow/example_dags/example_branch_labels.py                                                             0           0                                                            0
/home/jacobo/workshop_02/venv/lib/python3.12/site-packages/airflow/example_dags/example_bash_operator.py                                                             0           0                                                            0
/home/jacobo/workshop_02/venv/lib/python3.12/site-packages/airflow/example_dags/example_dynamic_task_mapping_with_no_taskflow_operators.py                           0           0                                                            0
/home/jacobo/workshop_02/venv/lib/python3.12/site-packages/airflow/example_dags/example_inlet_event_extra.py                                                         0           0                                                            0
/home/jacobo/workshop_02/venv/lib/python3.12/site-packages/airflow/example_dags/example_dynamic_task_mapping.py                                                      0           0                                                            0
/home/jacobo/workshop_02/venv/lib/python3.12/site-packages/airflow/example_dags/example_local_kubernetes_executor.py                                                 0           0                                                            0
/home/jacobo/workshop_02/venv/lib/python3.12/site-packages/airflow/example_dags/example_kubernetes_executor.py                                                       0           0                                                            0
/home/jacobo/workshop_02/venv/lib/python3.12/site-packages/airflow/example_dags/example_latest_only_with_trigger.py                                                  0           0                                                            0
/home/jacobo/workshop_02/venv/lib/python3.12/site-packages/airflow/example_dags/example_display_name.py                                                              0           0                                                            0
/home/jacobo/workshop_02/venv/lib/python3.12/site-packages/airflow/example_dags/example_python_decorator.py                                                          0           0                                                            0
/home/jacobo/workshop_02/venv/lib/python3.12/site-packages/airflow/example_dags/example_complex.py                                                                   0           0                                                            0
/home/jacobo/workshop_02/venv/lib/python3.12/site-packages/airflow/example_dags/example_params_ui_tutorial.py                                                        0           0                                                            0
/home/jacobo/workshop_02/venv/lib/python3.12/site-packages/airflow/example_dags/example_params_trigger_ui.py                                                         0           0                                                            0
/home/jacobo/workshop_02/venv/lib/python3.12/site-packages/airflow/example_dags/example_branch_day_of_week_operator.py                                               0           0                                                            0
/home/jacobo/workshop_02/venv/lib/python3.12/site-packages/airflow/example_dags/example_branch_python_dop_operator_3.py                                              0           0                                                            0
/home/jacobo/workshop_02/venv/lib/python3.12/site-packages/airflow/example_dags/example_branch_datetime_operator.py                                                  0           0                                                            0
/home/jacobo/workshop_02/venv/lib/python3.12/site-packages/airflow/example_dags/example_dataset_alias_with_no_taskflow.py                                            0           0                                                            0
/home/jacobo/workshop_02/venv/lib/python3.12/site-packages/airflow/example_dags/example_latest_only.py                                                               0           0                                                            0
/home/jacobo/workshop_02/venv/lib/python3.12/site-packages/airflow/example_dags/example_dag_decorator.py                                                             0           0                                                            0
/home/jacobo/workshop_02/venv/lib/python3.12/site-packages/airflow/example_dags/example_datasets.py                                                                  0           0                                                            0
/home/jacobo/workshop_02/venv/lib/python3.12/site-packages/airflow/example_dags/example_branch_operator.py                                                           0           0                                                            0
/home/jacobo/workshop_02/venv/lib/python3.12/site-packages/airflow/example_dags/example_outlet_event_extra.py                                                        0           0                                                            0
/home/jacobo/workshop_02/venv/lib/python3.12/site-packages/airflow/example_dags/example_branch_operator_decorator.py                                                 0           0                                                            0
/home/jacobo/workshop_02/venv/lib/python3.12/site-packages/airflow/example_dags/example_dataset_alias.py                                                             0           0                                                            0
/home/jacobo/workshop_02/venv/lib/python3.12/site-packages/airflow/example_dags/example_external_task_marker_dag.py                                                  0           0                                                            0
/home/jacobo/workshop_02/venv/lib/python3.12/site-packages/airflow/example_dags/example_passing_params_via_test_command.py                                           0           0                                                            0
/home/jacobo/workshop_02/venv/lib/python3.12/site-packages/airflow/example_dags/example_bash_decorator.py                                                            0           0                                                            0
/home/jacobo/workshop_02/venv/lib/python3.12/site-packages/airflow/example_dags/plugins/event_listener.py                                                            0           0                                                            0
================================================================================
[2025-03-17T15:35:24.319-0500] {manager.py:997} INFO - 
================================================================================
DAG File Processing Stats

File Path                                                                                                                                   PID    Runtime      # DAGs    # Errors  Last Runtime    Last Run               Last # of DB Queries
------------------------------------------------------------------------------------------------------------------------------------------  -----  ---------  --------  ----------  --------------  -------------------  ----------------------
/home/jacobo/workshop_02/venv/lib/python3.12/site-packages/airflow/example_dags/example_datasets.py                                                                 10           0  0.71s           2025-03-17T20:35:21                     189
/home/jacobo/workshop_02/venv/lib/python3.12/site-packages/airflow/example_dags/example_setup_teardown.py                                                            1           0  0.50s           2025-03-17T20:34:28                      26
/home/jacobo/workshop_02/venv/lib/python3.12/site-packages/airflow/example_dags/example_sensors.py                                                                   1           0  0.41s           2025-03-17T20:34:37                      24
/home/jacobo/workshop_02/venv/lib/python3.12/site-packages/airflow/example_dags/example_outlet_event_extra.py                                                        3           0  0.41s           2025-03-17T20:35:23                      61
/home/jacobo/workshop_02/venv/lib/python3.12/site-packages/airflow/example_dags/example_branch_datetime_operator.py                                                  3           0  0.41s           2025-03-17T20:35:15                      60
/home/jacobo/workshop_02/venv/lib/python3.12/site-packages/airflow/example_dags/example_workday_timetable.py                                                         1           0  0.41s           2025-03-17T20:34:25                      26
/home/jacobo/workshop_02/venv/lib/python3.12/site-packages/airflow/example_dags/example_dataset_alias_with_no_taskflow.py                                            4           0  0.41s           2025-03-17T20:35:17                      81
/home/jacobo/workshop_02/venv/lib/python3.12/site-packages/airflow/example_dags/tutorial.py                                                                          1           0  0.31s           2025-03-17T20:34:39                      26
/home/jacobo/workshop_02/venv/lib/python3.12/site-packages/airflow/example_dags/example_python_operator.py                                                           1           0  0.31s           2025-03-17T20:34:46                      24
/home/jacobo/workshop_02/venv/lib/python3.12/site-packages/airflow/example_dags/example_latest_only.py                                                               1           0  0.31s           2025-03-17T20:35:18                      26
/home/jacobo/workshop_02/venv/lib/python3.12/site-packages/airflow/example_dags/example_complex.py                                                                   1           0  0.31s           2025-03-17T20:35:09                      24
/home/jacobo/workshop_02/venv/lib/python3.12/site-packages/airflow/example_dags/example_branch_python_dop_operator_3.py                                              1           0  0.31s           2025-03-17T20:35:14                      26
/home/jacobo/workshop_02/venv/lib/python3.12/site-packages/airflow/example_dags/example_sensor_decorator.py                                                          1           0  0.31s           2025-03-17T20:34:49                      24
/home/jacobo/workshop_02/venv/lib/python3.12/site-packages/airflow/example_dags/example_python_decorator.py                                                          1           0  0.31s           2025-03-17T20:35:08                      24
/home/jacobo/workshop_02/venv/lib/python3.12/site-packages/airflow/example_dags/example_params_ui_tutorial.py                                                        1           0  0.31s           2025-03-17T20:35:10                      24
/home/jacobo/workshop_02/venv/lib/python3.12/site-packages/airflow/example_dags/example_dynamic_task_mapping_with_no_taskflow_operators.py                           1           0  0.31s           2025-03-17T20:35:00                      26
/home/jacobo/workshop_02/venv/lib/python3.12/site-packages/airflow/example_dags/example_short_circuit_operator.py                                                    1           0  0.31s           2025-03-17T20:34:35                      26
/home/jacobo/workshop_02/venv/lib/python3.12/site-packages/airflow/example_dags/example_setup_teardown_taskflow.py                                                   1           0  0.31s           2025-03-17T20:34:40                      26
/home/jacobo/workshop_02/venv/lib/python3.12/site-packages/airflow/example_dags/example_xcom.py                                                                      1           0  0.31s           2025-03-17T20:34:50                      26
/home/jacobo/workshop_02/venv/lib/python3.12/site-packages/airflow/example_dags/example_xcomargs.py                                                                  2           0  0.31s           2025-03-17T20:34:36                      41
/home/jacobo/workshop_02/venv/lib/python3.12/site-packages/airflow/example_dags/example_branch_day_of_week_operator.py                                               1           0  0.31s           2025-03-17T20:35:13                      26
/home/jacobo/workshop_02/venv/lib/python3.12/site-packages/airflow/example_dags/tutorial_taskflow_api.py                                                             1           0  0.31s           2025-03-17T20:34:33                      24
/home/jacobo/workshop_02/venv/lib/python3.12/site-packages/airflow/example_dags/example_bash_operator.py                                                             1           0  0.31s           2025-03-17T20:34:58                      26
/home/jacobo/workshop_02/venv/lib/python3.12/site-packages/airflow/example_dags/example_subdag_operator.py                                                           3           0  0.31s           2025-03-17T20:34:32                      34
/home/jacobo/workshop_02/venv/lib/python3.12/site-packages/airflow/example_dags/example_sla_dag.py                                                                   1           0  0.31s           2025-03-17T20:34:30                      26
/home/jacobo/workshop_02/venv/lib/python3.12/site-packages/airflow/example_dags/example_task_group_decorator.py                                                      1           0  0.31s           2025-03-17T20:34:31                      26
/home/jacobo/workshop_02/venv/lib/python3.12/site-packages/airflow/example_dags/example_short_circuit_decorator.py                                                   1           0  0.31s           2025-03-17T20:34:41                      26
/home/jacobo/workshop_02/venv/lib/python3.12/site-packages/airflow/example_dags/example_params_trigger_ui.py                                                         1           0  0.31s           2025-03-17T20:35:11                      24
/home/jacobo/workshop_02/venv/lib/python3.12/site-packages/airflow/example_dags/example_branch_labels.py                                                             1           0  0.31s           2025-03-17T20:34:57                      26
/home/jacobo/workshop_02/venv/lib/python3.12/site-packages/airflow/example_dags/example_latest_only_with_trigger.py                                                  1           0  0.31s           2025-03-17T20:35:05                      26
/home/jacobo/workshop_02/venv/lib/python3.12/site-packages/airflow/example_dags/example_skip_dag.py                                                                  1           0  0.31s           2025-03-17T20:34:43                      26
/home/jacobo/workshop_02/venv/lib/python3.12/site-packages/airflow/example_dags/example_nested_branch_dag.py                                                         1           0  0.31s           2025-03-17T20:34:56                      26
/home/jacobo/workshop_02/venv/lib/python3.12/site-packages/airflow/example_dags/example_dag_decorator.py                                                             1           0  0.31s           2025-03-17T20:35:20                      24
/home/jacobo/workshop_02/venv/lib/python3.12/site-packages/airflow/example_dags/example_display_name.py                                                              1           0  0.31s           2025-03-17T20:35:06                      24
/home/jacobo/workshop_02/venv/lib/python3.12/site-packages/airflow/example_dags/example_task_group.py                                                                1           0  0.31s           2025-03-17T20:34:23                      26
/home/jacobo/workshop_02/venv/lib/python3.12/site-packages/airflow/example_dags/example_inlet_event_extra.py                                                         2           0  0.31s           2025-03-17T20:35:01                      43
/home/jacobo/workshop_02/venv/lib/python3.12/site-packages/airflow/example_dags/example_trigger_controller_dag.py                                                    1           0  0.31s           2025-03-17T20:34:26                      26
/home/jacobo/workshop_02/venv/lib/python3.12/site-packages/airflow/example_dags/example_trigger_target_dag.py                                                        1           0  0.22s           2025-03-17T20:34:38                      24
/home/jacobo/workshop_02/venv/lib/python3.12/site-packages/airflow/example_dags/example_dynamic_task_mapping.py                                                      1           0  0.21s           2025-03-17T20:35:02                      26
/home/jacobo/workshop_02/venv/lib/python3.12/site-packages/airflow/example_dags/example_time_delta_sensor_async.py                                                   1           0  0.21s           2025-03-17T20:34:44                      24
/home/jacobo/workshop_02/venv/lib/python3.12/site-packages/airflow/example_dags/tutorial_objectstorage.py                                                            1           0  0.21s           2025-03-17T20:34:45                      24
/home/jacobo/workshop_02/venv/lib/python3.12/site-packages/airflow/example_dags/example_branch_operator.py                                                           0           0  0.21s           2025-03-17T20:35:22                       3
/home/jacobo/workshop_02/venv/lib/python3.12/site-packages/airflow/example_dags/tutorial_dag.py                                                                      1           0  0.21s           2025-03-17T20:34:48                      24
/home/jacobo/workshop_02/venv/lib/python3.12/site-packages/airflow/example_dags/tutorial_taskflow_api_virtualenv.py                                                  0           0  0.12s           2025-03-17T20:34:44                       3
/home/jacobo/workshop_02/venv/lib/python3.12/site-packages/airflow/example_dags/example_branch_operator_decorator.py                                                 0           0  0.11s           2025-03-17T20:35:24                       3
/home/jacobo/workshop_02/venv/lib/python3.12/site-packages/airflow/example_dags/plugins/listener_plugin.py                                                           0           0  0.11s           2025-03-17T20:34:54                       3
/home/jacobo/workshop_02/venv/lib/python3.12/site-packages/airflow/example_dags/plugins/event_listener.py                                                            0           0  0.11s           2025-03-17T20:34:54                       3
/home/jacobo/workshop_02/venv/lib/python3.12/site-packages/airflow/example_dags/example_local_kubernetes_executor.py                                                 0           0  0.11s           2025-03-17T20:35:03                       3
/home/jacobo/workshop_02/venv/lib/python3.12/site-packages/airflow/example_dags/example_kubernetes_executor.py                                                       0           0  0.11s           2025-03-17T20:35:04                       3
/home/jacobo/workshop_02/venv/lib/python3.12/site-packages/airflow/example_dags/plugins/workday.py                                                                   0           0  0.11s           2025-03-17T20:34:53                       3
/home/jacobo/workshop_02/venv/lib/python3.12/site-packages/airflow/example_dags/subdags/subdag.py                                                                    0           0  0.11s           2025-03-17T20:34:51                       3
/home/jacobo/workshop_02/venv/lib/python3.12/site-packages/airflow/example_dags/plugins/decreasing_priority_weight_strategy.py                                       0           0  0.11s           2025-03-17T20:34:53                       3
/home/jacobo/workshop_02/venv/lib/python3.12/site-packages/airflow/example_dags/example_dataset_alias.py                                                             0           0                                                            0
/home/jacobo/workshop_02/venv/lib/python3.12/site-packages/airflow/example_dags/example_external_task_marker_dag.py                                                  0           0                                                            0
/home/jacobo/workshop_02/venv/lib/python3.12/site-packages/airflow/example_dags/example_passing_params_via_test_command.py                                           0           0                                                            0
/home/jacobo/workshop_02/venv/lib/python3.12/site-packages/airflow/example_dags/example_bash_decorator.py                                                            0           0                                                            0
================================================================================
[2025-03-17T15:35:54.617-0500] {manager.py:997} INFO - 
================================================================================
DAG File Processing Stats

File Path                                                                                                                                   PID    Runtime      # DAGs    # Errors  Last Runtime    Last Run               Last # of DB Queries
------------------------------------------------------------------------------------------------------------------------------------------  -----  ---------  --------  ----------  --------------  -------------------  ----------------------
/home/jacobo/workshop_02/venv/lib/python3.12/site-packages/airflow/example_dags/example_datasets.py                                                                 10           0  0.71s           2025-03-17T20:35:21                     189
/home/jacobo/workshop_02/venv/lib/python3.12/site-packages/airflow/example_dags/example_dataset_alias.py                                                             4           0  0.42s           2025-03-17T20:35:25                      81
/home/jacobo/workshop_02/venv/lib/python3.12/site-packages/airflow/example_dags/example_outlet_event_extra.py                                                        3           0  0.41s           2025-03-17T20:35:23                      61
/home/jacobo/workshop_02/venv/lib/python3.12/site-packages/airflow/example_dags/example_branch_datetime_operator.py                                                  3           0  0.41s           2025-03-17T20:35:15                      60
/home/jacobo/workshop_02/venv/lib/python3.12/site-packages/airflow/example_dags/example_dataset_alias_with_no_taskflow.py                                            4           0  0.41s           2025-03-17T20:35:17                      81
/home/jacobo/workshop_02/venv/lib/python3.12/site-packages/airflow/example_dags/example_latest_only.py                                                               1           0  0.31s           2025-03-17T20:35:18                      26
/home/jacobo/workshop_02/venv/lib/python3.12/site-packages/airflow/example_dags/example_complex.py                                                                   1           0  0.31s           2025-03-17T20:35:09                      24
/home/jacobo/workshop_02/venv/lib/python3.12/site-packages/airflow/example_dags/example_branch_python_dop_operator_3.py                                              1           0  0.31s           2025-03-17T20:35:14                      26
/home/jacobo/workshop_02/venv/lib/python3.12/site-packages/airflow/example_dags/example_python_decorator.py                                                          1           0  0.31s           2025-03-17T20:35:08                      24
/home/jacobo/workshop_02/venv/lib/python3.12/site-packages/airflow/example_dags/example_params_ui_tutorial.py                                                        1           0  0.31s           2025-03-17T20:35:10                      24
/home/jacobo/workshop_02/venv/lib/python3.12/site-packages/airflow/example_dags/example_dynamic_task_mapping_with_no_taskflow_operators.py                           1           0  0.31s           2025-03-17T20:35:00                      26
/home/jacobo/workshop_02/venv/lib/python3.12/site-packages/airflow/example_dags/example_branch_day_of_week_operator.py                                               1           0  0.31s           2025-03-17T20:35:13                      26
/home/jacobo/workshop_02/venv/lib/python3.12/site-packages/airflow/example_dags/example_bash_operator.py                                                             1           0  0.31s           2025-03-17T20:34:58                      26
/home/jacobo/workshop_02/venv/lib/python3.12/site-packages/airflow/example_dags/example_params_trigger_ui.py                                                         1           0  0.31s           2025-03-17T20:35:11                      24
/home/jacobo/workshop_02/venv/lib/python3.12/site-packages/airflow/example_dags/example_branch_labels.py                                                             1           0  0.31s           2025-03-17T20:34:57                      26
/home/jacobo/workshop_02/venv/lib/python3.12/site-packages/airflow/example_dags/example_latest_only_with_trigger.py                                                  1           0  0.31s           2025-03-17T20:35:05                      26
/home/jacobo/workshop_02/venv/lib/python3.12/site-packages/airflow/example_dags/example_passing_params_via_test_command.py                                           1           0  0.31s           2025-03-17T20:35:27                      26
/home/jacobo/workshop_02/venv/lib/python3.12/site-packages/airflow/example_dags/example_nested_branch_dag.py                                                         1           0  0.31s           2025-03-17T20:34:56                      26
/home/jacobo/workshop_02/venv/lib/python3.12/site-packages/airflow/example_dags/example_bash_decorator.py                                                            1           0  0.31s           2025-03-17T20:35:28                      24
/home/jacobo/workshop_02/venv/lib/python3.12/site-packages/airflow/example_dags/example_dag_decorator.py                                                             1           0  0.31s           2025-03-17T20:35:20                      24
/home/jacobo/workshop_02/venv/lib/python3.12/site-packages/airflow/example_dags/example_external_task_marker_dag.py                                                  2           0  0.31s           2025-03-17T20:35:26                      41
/home/jacobo/workshop_02/venv/lib/python3.12/site-packages/airflow/example_dags/example_display_name.py                                                              1           0  0.31s           2025-03-17T20:35:06                      24
/home/jacobo/workshop_02/venv/lib/python3.12/site-packages/airflow/example_dags/example_inlet_event_extra.py                                                         2           0  0.31s           2025-03-17T20:35:01                      43
/home/jacobo/workshop_02/venv/lib/python3.12/site-packages/airflow/example_dags/example_dynamic_task_mapping.py                                                      1           0  0.21s           2025-03-17T20:35:02                      26
/home/jacobo/workshop_02/venv/lib/python3.12/site-packages/airflow/example_dags/example_branch_operator.py                                                           0           0  0.21s           2025-03-17T20:35:22                       3
/home/jacobo/workshop_02/venv/lib/python3.12/site-packages/airflow/example_dags/example_short_circuit_decorator.py                                                   1           0  0.21s           2025-03-17T20:35:43                      12
/home/jacobo/workshop_02/venv/lib/python3.12/site-packages/airflow/example_dags/example_task_group_decorator.py                                                      1           0  0.21s           2025-03-17T20:35:34                      12
/home/jacobo/workshop_02/venv/lib/python3.12/site-packages/airflow/example_dags/tutorial_taskflow_api_virtualenv.py                                                  0           0  0.21s           2025-03-17T20:35:46                       3
/home/jacobo/workshop_02/venv/lib/python3.12/site-packages/airflow/example_dags/example_workday_timetable.py                                                         1           0  0.21s           2025-03-17T20:35:30                      12
/home/jacobo/workshop_02/venv/lib/python3.12/site-packages/airflow/example_dags/example_python_operator.py                                                           1           0  0.21s           2025-03-17T20:35:49                      10
/home/jacobo/workshop_02/venv/lib/python3.12/site-packages/airflow/example_dags/example_subdag_operator.py                                                           3           0  0.21s           2025-03-17T20:35:35                      20
/home/jacobo/workshop_02/venv/lib/python3.12/site-packages/airflow/example_dags/example_short_circuit_operator.py                                                    1           0  0.21s           2025-03-17T20:35:37                      12
/home/jacobo/workshop_02/venv/lib/python3.12/site-packages/airflow/example_dags/tutorial_taskflow_api.py                                                             1           0  0.12s           2025-03-17T20:35:36                      10
/home/jacobo/workshop_02/venv/lib/python3.12/site-packages/airflow/example_dags/example_branch_operator_decorator.py                                                 0           0  0.11s           2025-03-17T20:35:24                       3
/home/jacobo/workshop_02/venv/lib/python3.12/site-packages/airflow/example_dags/example_setup_teardown_taskflow.py                                                   1           0  0.11s           2025-03-17T20:35:42                      12
/home/jacobo/workshop_02/venv/lib/python3.12/site-packages/airflow/example_dags/example_xcom.py                                                                      1           0  0.11s           2025-03-17T20:35:52                      12
/home/jacobo/workshop_02/venv/lib/python3.12/site-packages/airflow/example_dags/example_sla_dag.py                                                                   1           0  0.11s           2025-03-17T20:35:33                      12
/home/jacobo/workshop_02/venv/lib/python3.12/site-packages/airflow/example_dags/example_time_delta_sensor_async.py                                                   1           0  0.11s           2025-03-17T20:35:45                      10
/home/jacobo/workshop_02/venv/lib/python3.12/site-packages/airflow/example_dags/example_skip_dag.py                                                                  1           0  0.11s           2025-03-17T20:35:45                      12
/home/jacobo/workshop_02/venv/lib/python3.12/site-packages/airflow/example_dags/plugins/listener_plugin.py                                                           0           0  0.11s           2025-03-17T20:34:54                       3
/home/jacobo/workshop_02/venv/lib/python3.12/site-packages/airflow/example_dags/plugins/event_listener.py                                                            0           0  0.11s           2025-03-17T20:34:54                       3
/home/jacobo/workshop_02/venv/lib/python3.12/site-packages/airflow/example_dags/example_local_kubernetes_executor.py                                                 0           0  0.11s           2025-03-17T20:35:03                       3
/home/jacobo/workshop_02/venv/lib/python3.12/site-packages/airflow/example_dags/example_kubernetes_executor.py                                                       0           0  0.11s           2025-03-17T20:35:04                       3
/home/jacobo/workshop_02/venv/lib/python3.12/site-packages/airflow/example_dags/tutorial.py                                                                          1           0  0.11s           2025-03-17T20:35:41                      12
/home/jacobo/workshop_02/venv/lib/python3.12/site-packages/airflow/example_dags/subdags/subdag.py                                                                    0           0  0.11s           2025-03-17T20:35:52                       3
/home/jacobo/workshop_02/venv/lib/python3.12/site-packages/airflow/example_dags/example_trigger_controller_dag.py                                                    1           0  0.11s           2025-03-17T20:35:31                      12
/home/jacobo/workshop_02/venv/lib/python3.12/site-packages/airflow/example_dags/example_trigger_target_dag.py                                                        1           0  0.11s           2025-03-17T20:35:40                      10
/home/jacobo/workshop_02/venv/lib/python3.12/site-packages/airflow/example_dags/plugins/decreasing_priority_weight_strategy.py                                       0           0  0.11s           2025-03-17T20:35:54                       3
/home/jacobo/workshop_02/venv/lib/python3.12/site-packages/airflow/example_dags/plugins/workday.py                                                                   0           0  0.11s           2025-03-17T20:35:54                       3
/home/jacobo/workshop_02/venv/lib/python3.12/site-packages/airflow/example_dags/example_task_group.py                                                                1           0  0.11s           2025-03-17T20:35:29                      12
/home/jacobo/workshop_02/venv/lib/python3.12/site-packages/airflow/example_dags/example_xcomargs.py                                                                  2           0  0.11s           2025-03-17T20:35:38                      13
/home/jacobo/workshop_02/venv/lib/python3.12/site-packages/airflow/example_dags/example_sensor_decorator.py                                                          1           0  0.11s           2025-03-17T20:35:51                      10
/home/jacobo/workshop_02/venv/lib/python3.12/site-packages/airflow/example_dags/example_sensors.py                                                                   1           0  0.11s           2025-03-17T20:35:39                      10
/home/jacobo/workshop_02/venv/lib/python3.12/site-packages/airflow/example_dags/tutorial_objectstorage.py                                                            1           0  0.11s           2025-03-17T20:35:47                      10
/home/jacobo/workshop_02/venv/lib/python3.12/site-packages/airflow/example_dags/tutorial_dag.py                                                                      1           0  0.11s           2025-03-17T20:35:50                      10
/home/jacobo/workshop_02/venv/lib/python3.12/site-packages/airflow/example_dags/example_setup_teardown.py                                                            1           0  0.11s           2025-03-17T20:35:32                      12
================================================================================
[2025-03-17T15:36:17.184-0500] {manager.py:465} INFO - Exiting gracefully upon receiving signal 15
