[2025-03-17T15:35:15.576-0500] {processor.py:186} INFO - Started process (PID=14993) to work on /home/jacobo/workshop_02/venv/lib/python3.12/site-packages/airflow/example_dags/example_branch_datetime_operator.py
[2025-03-17T15:35:15.577-0500] {processor.py:914} INFO - Processing file /home/jacobo/workshop_02/venv/lib/python3.12/site-packages/airflow/example_dags/example_branch_datetime_operator.py for tasks to queue
[2025-03-17T15:35:15.579-0500] {logging_mixin.py:190} INFO - [2025-03-17T15:35:15.579-0500] {dagbag.py:587} INFO - Filling up the DagBag from /home/jacobo/workshop_02/venv/lib/python3.12/site-packages/airflow/example_dags/example_branch_datetime_operator.py
[2025-03-17T15:35:15.593-0500] {processor.py:925} INFO - DAG(s) 'example_branch_datetime_operator', 'example_branch_datetime_operator_2', 'example_branch_datetime_operator_3' retrieved from /home/jacobo/workshop_02/venv/lib/python3.12/site-packages/airflow/example_dags/example_branch_datetime_operator.py
[2025-03-17T15:35:15.743-0500] {logging_mixin.py:190} INFO - [2025-03-17T15:35:15.742-0500] {override.py:1858} INFO - Created Permission View: can delete on DAG:example_branch_datetime_operator
[2025-03-17T15:35:15.759-0500] {logging_mixin.py:190} INFO - [2025-03-17T15:35:15.759-0500] {override.py:1858} INFO - Created Permission View: can read on DAG:example_branch_datetime_operator
[2025-03-17T15:35:15.771-0500] {logging_mixin.py:190} INFO - [2025-03-17T15:35:15.771-0500] {override.py:1858} INFO - Created Permission View: can edit on DAG:example_branch_datetime_operator
[2025-03-17T15:35:15.795-0500] {logging_mixin.py:190} INFO - [2025-03-17T15:35:15.795-0500] {override.py:1858} INFO - Created Permission View: can delete on DAG:example_branch_datetime_operator_2
[2025-03-17T15:35:15.804-0500] {logging_mixin.py:190} INFO - [2025-03-17T15:35:15.804-0500] {override.py:1858} INFO - Created Permission View: can read on DAG:example_branch_datetime_operator_2
[2025-03-17T15:35:15.813-0500] {logging_mixin.py:190} INFO - [2025-03-17T15:35:15.813-0500] {override.py:1858} INFO - Created Permission View: can edit on DAG:example_branch_datetime_operator_2
[2025-03-17T15:35:15.834-0500] {logging_mixin.py:190} INFO - [2025-03-17T15:35:15.833-0500] {override.py:1858} INFO - Created Permission View: can delete on DAG:example_branch_datetime_operator_3
[2025-03-17T15:35:15.843-0500] {logging_mixin.py:190} INFO - [2025-03-17T15:35:15.843-0500] {override.py:1858} INFO - Created Permission View: can read on DAG:example_branch_datetime_operator_3
[2025-03-17T15:35:15.854-0500] {logging_mixin.py:190} INFO - [2025-03-17T15:35:15.853-0500] {override.py:1858} INFO - Created Permission View: can edit on DAG:example_branch_datetime_operator_3
[2025-03-17T15:35:15.854-0500] {logging_mixin.py:190} INFO - [2025-03-17T15:35:15.854-0500] {dag.py:3211} INFO - Sync 3 DAGs
[2025-03-17T15:35:15.866-0500] {logging_mixin.py:190} INFO - [2025-03-17T15:35:15.866-0500] {dag.py:3234} INFO - Creating ORM DAG for example_branch_datetime_operator
[2025-03-17T15:35:15.867-0500] {logging_mixin.py:190} INFO - [2025-03-17T15:35:15.867-0500] {dag.py:3234} INFO - Creating ORM DAG for example_branch_datetime_operator_3
[2025-03-17T15:35:15.867-0500] {logging_mixin.py:190} INFO - [2025-03-17T15:35:15.867-0500] {dag.py:3234} INFO - Creating ORM DAG for example_branch_datetime_operator_2
[2025-03-17T15:35:15.877-0500] {logging_mixin.py:190} INFO - [2025-03-17T15:35:15.877-0500] {dag.py:4138} INFO - Setting next_dagrun for example_branch_datetime_operator to 2025-03-16 00:00:00+00:00, run_after=2025-03-17 00:00:00+00:00
[2025-03-17T15:35:15.879-0500] {logging_mixin.py:190} INFO - [2025-03-17T15:35:15.878-0500] {dag.py:4138} INFO - Setting next_dagrun for example_branch_datetime_operator_2 to 2025-03-16 00:00:00+00:00, run_after=2025-03-17 00:00:00+00:00
[2025-03-17T15:35:15.880-0500] {logging_mixin.py:190} INFO - [2025-03-17T15:35:15.880-0500] {dag.py:4138} INFO - Setting next_dagrun for example_branch_datetime_operator_3 to 2025-03-16 00:00:00+00:00, run_after=2025-03-17 00:00:00+00:00
[2025-03-17T15:35:15.906-0500] {processor.py:208} INFO - Processing /home/jacobo/workshop_02/venv/lib/python3.12/site-packages/airflow/example_dags/example_branch_datetime_operator.py took 0.335 seconds
[2025-03-17T15:36:14.915-0500] {processor.py:186} INFO - Started process (PID=15286) to work on /home/jacobo/workshop_02/venv/lib/python3.12/site-packages/airflow/example_dags/example_branch_datetime_operator.py
[2025-03-17T15:36:14.918-0500] {processor.py:914} INFO - Processing file /home/jacobo/workshop_02/venv/lib/python3.12/site-packages/airflow/example_dags/example_branch_datetime_operator.py for tasks to queue
[2025-03-17T15:36:14.923-0500] {logging_mixin.py:190} INFO - [2025-03-17T15:36:14.923-0500] {dagbag.py:587} INFO - Filling up the DagBag from /home/jacobo/workshop_02/venv/lib/python3.12/site-packages/airflow/example_dags/example_branch_datetime_operator.py
[2025-03-17T15:36:14.940-0500] {processor.py:925} INFO - DAG(s) 'example_branch_datetime_operator_3', 'example_branch_datetime_operator_2', 'example_branch_datetime_operator' retrieved from /home/jacobo/workshop_02/venv/lib/python3.12/site-packages/airflow/example_dags/example_branch_datetime_operator.py
[2025-03-17T15:36:14.960-0500] {logging_mixin.py:190} INFO - [2025-03-17T15:36:14.960-0500] {dag.py:3211} INFO - Sync 3 DAGs
[2025-03-17T15:36:14.978-0500] {logging_mixin.py:190} INFO - [2025-03-17T15:36:14.978-0500] {dag.py:4138} INFO - Setting next_dagrun for example_branch_datetime_operator to 2025-03-16 00:00:00+00:00, run_after=2025-03-17 00:00:00+00:00
[2025-03-17T15:36:14.982-0500] {logging_mixin.py:190} INFO - [2025-03-17T15:36:14.981-0500] {dag.py:4138} INFO - Setting next_dagrun for example_branch_datetime_operator_2 to 2025-03-16 00:00:00+00:00, run_after=2025-03-17 00:00:00+00:00
[2025-03-17T15:36:14.983-0500] {logging_mixin.py:190} INFO - [2025-03-17T15:36:14.983-0500] {dag.py:4138} INFO - Setting next_dagrun for example_branch_datetime_operator_3 to 2025-03-16 00:00:00+00:00, run_after=2025-03-17 00:00:00+00:00
[2025-03-17T15:36:15.003-0500] {processor.py:208} INFO - Processing /home/jacobo/workshop_02/venv/lib/python3.12/site-packages/airflow/example_dags/example_branch_datetime_operator.py took 0.094 seconds
