[2025-03-17T15:35:17.037-0500] {processor.py:186} INFO - Started process (PID=15000) to work on /home/jacobo/workshop_02/venv/lib/python3.12/site-packages/airflow/example_dags/example_dataset_alias_with_no_taskflow.py
[2025-03-17T15:35:17.038-0500] {processor.py:914} INFO - Processing file /home/jacobo/workshop_02/venv/lib/python3.12/site-packages/airflow/example_dags/example_dataset_alias_with_no_taskflow.py for tasks to queue
[2025-03-17T15:35:17.041-0500] {logging_mixin.py:190} INFO - [2025-03-17T15:35:17.040-0500] {dagbag.py:587} INFO - Filling up the DagBag from /home/jacobo/workshop_02/venv/lib/python3.12/site-packages/airflow/example_dags/example_dataset_alias_with_no_taskflow.py
[2025-03-17T15:35:17.060-0500] {processor.py:925} INFO - DAG(s) 'dataset_s3_bucket_consumer_with_no_taskflow', 'dataset_s3_bucket_producer_with_no_taskflow', 'dataset_alias_example_alias_producer_with_no_taskflow', 'dataset_alias_example_alias_consumer_with_no_taskflow' retrieved from /home/jacobo/workshop_02/venv/lib/python3.12/site-packages/airflow/example_dags/example_dataset_alias_with_no_taskflow.py
[2025-03-17T15:35:17.171-0500] {logging_mixin.py:190} INFO - [2025-03-17T15:35:17.170-0500] {override.py:1858} INFO - Created Permission View: can delete on DAG:dataset_s3_bucket_consumer_with_no_taskflow
[2025-03-17T15:35:17.185-0500] {logging_mixin.py:190} INFO - [2025-03-17T15:35:17.184-0500] {override.py:1858} INFO - Created Permission View: can read on DAG:dataset_s3_bucket_consumer_with_no_taskflow
[2025-03-17T15:35:17.195-0500] {logging_mixin.py:190} INFO - [2025-03-17T15:35:17.194-0500] {override.py:1858} INFO - Created Permission View: can edit on DAG:dataset_s3_bucket_consumer_with_no_taskflow
[2025-03-17T15:35:17.216-0500] {logging_mixin.py:190} INFO - [2025-03-17T15:35:17.215-0500] {override.py:1858} INFO - Created Permission View: can delete on DAG:dataset_s3_bucket_producer_with_no_taskflow
[2025-03-17T15:35:17.227-0500] {logging_mixin.py:190} INFO - [2025-03-17T15:35:17.227-0500] {override.py:1858} INFO - Created Permission View: can read on DAG:dataset_s3_bucket_producer_with_no_taskflow
[2025-03-17T15:35:17.238-0500] {logging_mixin.py:190} INFO - [2025-03-17T15:35:17.238-0500] {override.py:1858} INFO - Created Permission View: can edit on DAG:dataset_s3_bucket_producer_with_no_taskflow
[2025-03-17T15:35:17.266-0500] {logging_mixin.py:190} INFO - [2025-03-17T15:35:17.265-0500] {override.py:1858} INFO - Created Permission View: can delete on DAG:dataset_alias_example_alias_producer_with_no_taskflow
[2025-03-17T15:35:17.276-0500] {logging_mixin.py:190} INFO - [2025-03-17T15:35:17.275-0500] {override.py:1858} INFO - Created Permission View: can read on DAG:dataset_alias_example_alias_producer_with_no_taskflow
[2025-03-17T15:35:17.284-0500] {logging_mixin.py:190} INFO - [2025-03-17T15:35:17.284-0500] {override.py:1858} INFO - Created Permission View: can edit on DAG:dataset_alias_example_alias_producer_with_no_taskflow
[2025-03-17T15:35:17.304-0500] {logging_mixin.py:190} INFO - [2025-03-17T15:35:17.303-0500] {override.py:1858} INFO - Created Permission View: can delete on DAG:dataset_alias_example_alias_consumer_with_no_taskflow
[2025-03-17T15:35:17.312-0500] {logging_mixin.py:190} INFO - [2025-03-17T15:35:17.312-0500] {override.py:1858} INFO - Created Permission View: can read on DAG:dataset_alias_example_alias_consumer_with_no_taskflow
[2025-03-17T15:35:17.320-0500] {logging_mixin.py:190} INFO - [2025-03-17T15:35:17.320-0500] {override.py:1858} INFO - Created Permission View: can edit on DAG:dataset_alias_example_alias_consumer_with_no_taskflow
[2025-03-17T15:35:17.321-0500] {logging_mixin.py:190} INFO - [2025-03-17T15:35:17.321-0500] {dag.py:3211} INFO - Sync 4 DAGs
[2025-03-17T15:35:17.333-0500] {logging_mixin.py:190} INFO - [2025-03-17T15:35:17.332-0500] {dag.py:3234} INFO - Creating ORM DAG for dataset_s3_bucket_consumer_with_no_taskflow
[2025-03-17T15:35:17.334-0500] {logging_mixin.py:190} INFO - [2025-03-17T15:35:17.334-0500] {dag.py:3234} INFO - Creating ORM DAG for dataset_s3_bucket_producer_with_no_taskflow
[2025-03-17T15:35:17.334-0500] {logging_mixin.py:190} INFO - [2025-03-17T15:35:17.334-0500] {dag.py:3234} INFO - Creating ORM DAG for dataset_alias_example_alias_producer_with_no_taskflow
[2025-03-17T15:35:17.335-0500] {logging_mixin.py:190} INFO - [2025-03-17T15:35:17.335-0500] {dag.py:3234} INFO - Creating ORM DAG for dataset_alias_example_alias_consumer_with_no_taskflow
[2025-03-17T15:35:17.343-0500] {logging_mixin.py:190} INFO - [2025-03-17T15:35:17.343-0500] {dag.py:4138} INFO - Setting next_dagrun for dataset_alias_example_alias_consumer_with_no_taskflow to None, run_after=None
[2025-03-17T15:35:17.343-0500] {logging_mixin.py:190} INFO - [2025-03-17T15:35:17.343-0500] {dag.py:4138} INFO - Setting next_dagrun for dataset_alias_example_alias_producer_with_no_taskflow to None, run_after=None
[2025-03-17T15:35:17.344-0500] {logging_mixin.py:190} INFO - [2025-03-17T15:35:17.344-0500] {dag.py:4138} INFO - Setting next_dagrun for dataset_s3_bucket_consumer_with_no_taskflow to None, run_after=None
[2025-03-17T15:35:17.344-0500] {logging_mixin.py:190} INFO - [2025-03-17T15:35:17.344-0500] {dag.py:4138} INFO - Setting next_dagrun for dataset_s3_bucket_producer_with_no_taskflow to None, run_after=None
[2025-03-17T15:35:17.376-0500] {processor.py:208} INFO - Processing /home/jacobo/workshop_02/venv/lib/python3.12/site-packages/airflow/example_dags/example_dataset_alias_with_no_taskflow.py took 0.345 seconds
[2025-03-17T15:36:15.680-0500] {processor.py:186} INFO - Started process (PID=15287) to work on /home/jacobo/workshop_02/venv/lib/python3.12/site-packages/airflow/example_dags/example_dataset_alias_with_no_taskflow.py
[2025-03-17T15:36:15.683-0500] {processor.py:914} INFO - Processing file /home/jacobo/workshop_02/venv/lib/python3.12/site-packages/airflow/example_dags/example_dataset_alias_with_no_taskflow.py for tasks to queue
[2025-03-17T15:36:15.686-0500] {logging_mixin.py:190} INFO - [2025-03-17T15:36:15.686-0500] {dagbag.py:587} INFO - Filling up the DagBag from /home/jacobo/workshop_02/venv/lib/python3.12/site-packages/airflow/example_dags/example_dataset_alias_with_no_taskflow.py
[2025-03-17T15:36:15.714-0500] {processor.py:925} INFO - DAG(s) 'dataset_alias_example_alias_consumer_with_no_taskflow', 'dataset_s3_bucket_producer_with_no_taskflow', 'dataset_alias_example_alias_producer_with_no_taskflow', 'dataset_s3_bucket_consumer_with_no_taskflow' retrieved from /home/jacobo/workshop_02/venv/lib/python3.12/site-packages/airflow/example_dags/example_dataset_alias_with_no_taskflow.py
[2025-03-17T15:36:15.735-0500] {logging_mixin.py:190} INFO - [2025-03-17T15:36:15.735-0500] {dag.py:3211} INFO - Sync 4 DAGs
[2025-03-17T15:36:15.756-0500] {logging_mixin.py:190} INFO - [2025-03-17T15:36:15.755-0500] {dag.py:4138} INFO - Setting next_dagrun for dataset_alias_example_alias_consumer_with_no_taskflow to None, run_after=None
[2025-03-17T15:36:15.758-0500] {logging_mixin.py:190} INFO - [2025-03-17T15:36:15.758-0500] {dag.py:4138} INFO - Setting next_dagrun for dataset_alias_example_alias_producer_with_no_taskflow to None, run_after=None
[2025-03-17T15:36:15.759-0500] {logging_mixin.py:190} INFO - [2025-03-17T15:36:15.759-0500] {dag.py:4138} INFO - Setting next_dagrun for dataset_s3_bucket_consumer_with_no_taskflow to None, run_after=None
[2025-03-17T15:36:15.760-0500] {logging_mixin.py:190} INFO - [2025-03-17T15:36:15.759-0500] {dag.py:4138} INFO - Setting next_dagrun for dataset_s3_bucket_producer_with_no_taskflow to None, run_after=None
[2025-03-17T15:36:15.784-0500] {processor.py:208} INFO - Processing /home/jacobo/workshop_02/venv/lib/python3.12/site-packages/airflow/example_dags/example_dataset_alias_with_no_taskflow.py took 0.109 seconds
