[2025-03-17T15:35:07.812-0500] {processor.py:186} INFO - Started process (PID=14969) to work on /home/jacobo/workshop_02/venv/lib/python3.12/site-packages/airflow/example_dags/example_python_decorator.py
[2025-03-17T15:35:07.813-0500] {processor.py:914} INFO - Processing file /home/jacobo/workshop_02/venv/lib/python3.12/site-packages/airflow/example_dags/example_python_decorator.py for tasks to queue
[2025-03-17T15:35:07.815-0500] {logging_mixin.py:190} INFO - [2025-03-17T15:35:07.815-0500] {dagbag.py:587} INFO - Filling up the DagBag from /home/jacobo/workshop_02/venv/lib/python3.12/site-packages/airflow/example_dags/example_python_decorator.py
[2025-03-17T15:35:07.878-0500] {logging_mixin.py:190} INFO - [2025-03-17T15:35:07.878-0500] {example_python_decorator.py:80} WARNING - The virtalenv_python example task requires virtualenv, please install it.
[2025-03-17T15:35:07.881-0500] {processor.py:925} INFO - DAG(s) 'example_python_decorator' retrieved from /home/jacobo/workshop_02/venv/lib/python3.12/site-packages/airflow/example_dags/example_python_decorator.py
[2025-03-17T15:35:08.008-0500] {logging_mixin.py:190} INFO - [2025-03-17T15:35:08.007-0500] {override.py:1858} INFO - Created Permission View: can delete on DAG:example_python_decorator
[2025-03-17T15:35:08.022-0500] {logging_mixin.py:190} INFO - [2025-03-17T15:35:08.022-0500] {override.py:1858} INFO - Created Permission View: can read on DAG:example_python_decorator
[2025-03-17T15:35:08.031-0500] {logging_mixin.py:190} INFO - [2025-03-17T15:35:08.031-0500] {override.py:1858} INFO - Created Permission View: can edit on DAG:example_python_decorator
[2025-03-17T15:35:08.032-0500] {logging_mixin.py:190} INFO - [2025-03-17T15:35:08.032-0500] {dag.py:3211} INFO - Sync 1 DAGs
[2025-03-17T15:35:08.045-0500] {logging_mixin.py:190} INFO - [2025-03-17T15:35:08.045-0500] {dag.py:3234} INFO - Creating ORM DAG for example_python_decorator
[2025-03-17T15:35:08.046-0500] {logging_mixin.py:190} INFO - [2025-03-17T15:35:08.045-0500] {dag.py:4138} INFO - Setting next_dagrun for example_python_decorator to None, run_after=None
[2025-03-17T15:35:08.070-0500] {processor.py:208} INFO - Processing /home/jacobo/workshop_02/venv/lib/python3.12/site-packages/airflow/example_dags/example_python_decorator.py took 0.263 seconds
[2025-03-17T15:36:08.385-0500] {processor.py:186} INFO - Started process (PID=15262) to work on /home/jacobo/workshop_02/venv/lib/python3.12/site-packages/airflow/example_dags/example_python_decorator.py
[2025-03-17T15:36:08.387-0500] {processor.py:914} INFO - Processing file /home/jacobo/workshop_02/venv/lib/python3.12/site-packages/airflow/example_dags/example_python_decorator.py for tasks to queue
[2025-03-17T15:36:08.389-0500] {logging_mixin.py:190} INFO - [2025-03-17T15:36:08.389-0500] {dagbag.py:587} INFO - Filling up the DagBag from /home/jacobo/workshop_02/venv/lib/python3.12/site-packages/airflow/example_dags/example_python_decorator.py
[2025-03-17T15:36:08.458-0500] {logging_mixin.py:190} INFO - [2025-03-17T15:36:08.457-0500] {example_python_decorator.py:80} WARNING - The virtalenv_python example task requires virtualenv, please install it.
[2025-03-17T15:36:08.461-0500] {processor.py:925} INFO - DAG(s) 'example_python_decorator' retrieved from /home/jacobo/workshop_02/venv/lib/python3.12/site-packages/airflow/example_dags/example_python_decorator.py
[2025-03-17T15:36:08.484-0500] {logging_mixin.py:190} INFO - [2025-03-17T15:36:08.484-0500] {dag.py:3211} INFO - Sync 1 DAGs
[2025-03-17T15:36:08.500-0500] {logging_mixin.py:190} INFO - [2025-03-17T15:36:08.499-0500] {dag.py:4138} INFO - Setting next_dagrun for example_python_decorator to None, run_after=None
[2025-03-17T15:36:08.531-0500] {processor.py:208} INFO - Processing /home/jacobo/workshop_02/venv/lib/python3.12/site-packages/airflow/example_dags/example_python_decorator.py took 0.151 seconds
